realpath: '': No such file or directory
INFO:	Writing output to /home/vetlinux04/Changyi/fluctuating_constant_florida/23simulation_pleiotropy/simulation13_final_simulation/01_AF_0.1/model3/out ...
INFO:	../pslim.sh -r -X ../slim.tar.gz -i 03_selection.slim -n 1000 -p 0parameters -f 0files/02pleiotropic_effects,0files/01vcffile -o out -M 10240 -T ./tempf
INFO:	pslim.sh v0.0.9010
INFO:	Starting at Mon Nov  4 16:08:49 CET 2024 ...
INFO:	Using slim binary provided in file:///home/vetlinux04/Changyi/fluctuating_constant_florida/23simulation_pleiotropy/simulation13_final_simulation/01_AF_0.1/slim.tar.gz ...
INFO:	Working in /tmp/pslim.aQfn9 ...
INFO:	Finding empty queue ...
INFO:	Using queue pg4 ...
packageJobJar: [/tmp/hadoop-unjar5363514675464974066/] [] /tmp/streamjob2722284081239595332.jar tmpDir=null
24/11/04 16:10:22 INFO client.RMProxy: Connecting to ResourceManager at i122srv57.vu-wien.ac.at/10.120.3.187:8032
24/11/04 16:10:22 INFO client.AHSProxy: Connecting to Application History server at i122srv57.vu-wien.ac.at/10.120.3.187:10200
24/11/04 16:10:22 INFO client.RMProxy: Connecting to ResourceManager at i122srv57.vu-wien.ac.at/10.120.3.187:8032
24/11/04 16:10:22 INFO client.AHSProxy: Connecting to Application History server at i122srv57.vu-wien.ac.at/10.120.3.187:10200
24/11/04 16:10:25 INFO fourmc.FourMcNativeCodeLoader: hadoop-4mc: loaded native library (embedded)
24/11/04 16:10:25 INFO fourmc.Lz4Codec: Successfully loaded & initialized native-4mc library
24/11/04 16:10:25 INFO fourmc.ZstdCodec: Successfully loaded & initialized native-4mc library
24/11/04 16:10:25 INFO fourmc.Lz4HighCodec: Successfully loaded & initialized native-4mc library
24/11/04 16:10:25 INFO fourmc.Lz4MediumCodec: Successfully loaded & initialized native-4mc library
24/11/04 16:10:25 INFO fourmc.Lz4UltraCodec: Successfully loaded & initialized native-4mc library
24/11/04 16:10:25 INFO mapred.FileInputFormat: Total input files to process : 1
24/11/04 16:10:26 INFO mapreduce.JobSubmitter: number of splits:1001
24/11/04 16:10:26 INFO mapreduce.JobSubmitter: Submitting tokens for job: job_1726051453326_0060
24/11/04 16:10:27 INFO conf.Configuration: resource-types.xml not found
24/11/04 16:10:27 INFO resource.ResourceUtils: Unable to find 'resource-types.xml'.
24/11/04 16:10:27 INFO resource.ResourceUtils: Adding resource type - name = memory-mb, units = Mi, type = COUNTABLE
24/11/04 16:10:27 INFO resource.ResourceUtils: Adding resource type - name = vcores, units = , type = COUNTABLE
24/11/04 16:10:27 INFO impl.YarnClientImpl: Submitted application application_1726051453326_0060
24/11/04 16:10:27 INFO mapreduce.Job: The url to track the job: http://i122srv57.vu-wien.ac.at:8088/proxy/application_1726051453326_0060/
24/11/04 16:10:27 INFO mapreduce.Job: Running job: job_1726051453326_0060
24/11/04 16:10:37 INFO mapreduce.Job: Job job_1726051453326_0060 running in uber mode : false
24/11/04 16:10:37 INFO mapreduce.Job:  map 0% reduce 0%
24/11/04 16:26:25 INFO mapreduce.Job:  map 1% reduce 0%
24/11/04 16:26:37 INFO mapreduce.Job:  map 2% reduce 0%
24/11/04 16:26:47 INFO mapreduce.Job:  map 3% reduce 0%
24/11/04 16:26:54 INFO mapreduce.Job:  map 4% reduce 0%
24/11/04 16:26:58 INFO mapreduce.Job:  map 5% reduce 0%
24/11/04 16:27:03 INFO mapreduce.Job:  map 6% reduce 0%
24/11/04 16:27:09 INFO mapreduce.Job:  map 7% reduce 0%
24/11/04 16:27:12 INFO mapreduce.Job:  map 8% reduce 0%
24/11/04 16:27:20 INFO mapreduce.Job:  map 9% reduce 0%
24/11/04 16:27:35 INFO mapreduce.Job:  map 10% reduce 0%
24/11/04 16:28:28 INFO mapreduce.Job:  map 11% reduce 0%
24/11/04 16:29:17 INFO mapreduce.Job:  map 12% reduce 0%
24/11/04 16:29:30 INFO mapreduce.Job:  map 13% reduce 0%
24/11/04 16:29:35 INFO mapreduce.Job:  map 14% reduce 0%
24/11/04 16:29:41 INFO mapreduce.Job:  map 15% reduce 0%
24/11/04 16:29:48 INFO mapreduce.Job:  map 16% reduce 0%
24/11/04 16:29:54 INFO mapreduce.Job:  map 17% reduce 0%
24/11/04 16:30:01 INFO mapreduce.Job:  map 18% reduce 0%
24/11/04 16:30:09 INFO mapreduce.Job:  map 19% reduce 0%
24/11/04 16:30:19 INFO mapreduce.Job:  map 20% reduce 0%
24/11/04 16:30:26 INFO mapreduce.Job:  map 21% reduce 0%
24/11/04 16:30:37 INFO mapreduce.Job:  map 22% reduce 0%
24/11/04 16:30:59 INFO mapreduce.Job:  map 23% reduce 0%
24/11/04 16:31:59 INFO mapreduce.Job:  map 24% reduce 0%
24/11/04 16:34:21 INFO mapreduce.Job:  map 25% reduce 0%
24/11/04 16:34:57 INFO mapreduce.Job:  map 26% reduce 0%
24/11/04 16:34:58 INFO mapreduce.Job:  map 27% reduce 0%
24/11/04 16:35:03 INFO mapreduce.Job:  map 28% reduce 0%
24/11/04 16:35:13 INFO mapreduce.Job:  map 29% reduce 0%
24/11/04 16:35:22 INFO mapreduce.Job:  map 30% reduce 0%
24/11/04 16:35:28 INFO mapreduce.Job:  map 31% reduce 0%
24/11/04 16:35:34 INFO mapreduce.Job:  map 32% reduce 0%
24/11/04 16:35:42 INFO mapreduce.Job:  map 33% reduce 0%
24/11/04 16:35:49 INFO mapreduce.Job:  map 34% reduce 0%
24/11/04 16:35:59 INFO mapreduce.Job:  map 35% reduce 0%
24/11/04 16:36:09 INFO mapreduce.Job:  map 36% reduce 0%
24/11/04 16:36:13 INFO mapreduce.Job:  map 37% reduce 0%
24/11/04 16:36:17 INFO mapreduce.Job:  map 38% reduce 0%
24/11/04 16:36:20 INFO mapreduce.Job:  map 39% reduce 0%
24/11/04 16:36:24 INFO mapreduce.Job:  map 40% reduce 0%
24/11/04 16:36:28 INFO mapreduce.Job:  map 41% reduce 0%
24/11/04 16:36:34 INFO mapreduce.Job:  map 42% reduce 0%
24/11/04 16:36:45 INFO mapreduce.Job:  map 43% reduce 0%
24/11/04 16:36:57 INFO mapreduce.Job:  map 44% reduce 0%
24/11/04 16:37:11 INFO mapreduce.Job:  map 45% reduce 0%
24/11/04 16:37:28 INFO mapreduce.Job:  map 46% reduce 0%
24/11/04 16:37:57 INFO mapreduce.Job:  map 47% reduce 0%
24/11/04 16:38:42 INFO mapreduce.Job:  map 48% reduce 0%
24/11/04 16:39:31 INFO mapreduce.Job:  map 49% reduce 0%
24/11/04 16:39:40 INFO mapreduce.Job:  map 50% reduce 0%
24/11/04 16:39:51 INFO mapreduce.Job:  map 51% reduce 0%
24/11/04 16:39:58 INFO mapreduce.Job:  map 52% reduce 0%
24/11/04 16:40:07 INFO mapreduce.Job:  map 53% reduce 0%
24/11/04 16:40:14 INFO mapreduce.Job:  map 54% reduce 0%
24/11/04 16:40:30 INFO mapreduce.Job:  map 55% reduce 0%
24/11/04 16:40:38 INFO mapreduce.Job:  map 56% reduce 0%
24/11/04 16:40:47 INFO mapreduce.Job:  map 57% reduce 0%
24/11/04 16:40:55 INFO mapreduce.Job:  map 58% reduce 0%
24/11/04 16:41:12 INFO mapreduce.Job:  map 59% reduce 0%
24/11/04 16:42:11 INFO mapreduce.Job:  map 60% reduce 0%
24/11/04 16:42:31 INFO mapreduce.Job:  map 61% reduce 0%
24/11/04 16:42:41 INFO mapreduce.Job:  map 62% reduce 0%
24/11/04 16:42:50 INFO mapreduce.Job:  map 63% reduce 0%
24/11/04 16:42:57 INFO mapreduce.Job:  map 64% reduce 0%
24/11/04 16:43:00 INFO mapreduce.Job:  map 65% reduce 0%
24/11/04 16:43:06 INFO mapreduce.Job:  map 66% reduce 0%
24/11/04 16:43:15 INFO mapreduce.Job:  map 67% reduce 0%
24/11/04 16:43:25 INFO mapreduce.Job:  map 68% reduce 0%
24/11/04 16:43:38 INFO mapreduce.Job:  map 69% reduce 0%
24/11/04 16:43:53 INFO mapreduce.Job:  map 70% reduce 0%
24/11/04 16:44:46 INFO mapreduce.Job:  map 71% reduce 0%
24/11/04 16:45:43 INFO mapreduce.Job:  map 72% reduce 0%
24/11/04 16:46:08 INFO mapreduce.Job:  map 73% reduce 0%
24/11/04 16:46:29 INFO mapreduce.Job:  map 74% reduce 0%
24/11/04 16:46:54 INFO mapreduce.Job:  map 75% reduce 0%
24/11/04 16:47:05 INFO mapreduce.Job:  map 76% reduce 0%
24/11/04 16:47:17 INFO mapreduce.Job:  map 77% reduce 0%
24/11/04 16:47:29 INFO mapreduce.Job:  map 78% reduce 0%
24/11/04 16:47:37 INFO mapreduce.Job:  map 79% reduce 0%
24/11/04 16:47:48 INFO mapreduce.Job:  map 80% reduce 0%
24/11/04 16:47:52 INFO mapreduce.Job:  map 81% reduce 0%
24/11/04 16:47:59 INFO mapreduce.Job:  map 82% reduce 0%
24/11/04 16:48:03 INFO mapreduce.Job:  map 83% reduce 0%
24/11/04 16:48:08 INFO mapreduce.Job:  map 84% reduce 0%
24/11/04 16:48:14 INFO mapreduce.Job:  map 85% reduce 0%
24/11/04 16:48:17 INFO mapreduce.Job:  map 86% reduce 0%
24/11/04 16:48:23 INFO mapreduce.Job:  map 87% reduce 0%
24/11/04 16:48:28 INFO mapreduce.Job:  map 88% reduce 0%
24/11/04 16:48:32 INFO mapreduce.Job:  map 89% reduce 0%
24/11/04 16:48:38 INFO mapreduce.Job:  map 90% reduce 0%
24/11/04 16:48:43 INFO mapreduce.Job:  map 91% reduce 0%
24/11/04 16:48:47 INFO mapreduce.Job:  map 92% reduce 0%
24/11/04 16:48:55 INFO mapreduce.Job:  map 93% reduce 0%
24/11/04 16:49:09 INFO mapreduce.Job:  map 94% reduce 0%
24/11/04 16:49:20 INFO mapreduce.Job:  map 95% reduce 0%
24/11/04 16:49:31 INFO mapreduce.Job:  map 96% reduce 0%
24/11/04 16:49:58 INFO mapreduce.Job:  map 97% reduce 0%
24/11/04 16:53:34 INFO mapreduce.Job:  map 98% reduce 0%
24/11/04 17:00:37 INFO mapreduce.Job:  map 99% reduce 0%
24/11/04 17:14:24 INFO mapreduce.Job:  map 100% reduce 0%
24/11/04 17:19:33 INFO mapreduce.Job:  map 100% reduce 100%
24/11/04 17:19:33 INFO mapreduce.Job: Job job_1726051453326_0060 completed successfully
24/11/04 17:19:33 INFO mapreduce.Job: Counters: 51
	File System Counters
		FILE: Number of bytes read=160026
		FILE: Number of bytes written=219531519
		FILE: Number of read operations=0
		FILE: Number of large read operations=0
		FILE: Number of write operations=0
		HDFS: Number of bytes read=75108190
		HDFS: Number of bytes written=156020
		HDFS: Number of read operations=3006
		HDFS: Number of large read operations=0
		HDFS: Number of write operations=2
	Job Counters 
		Killed map tasks=67
		Launched map tasks=1065
		Launched reduce tasks=1
		Data-local map tasks=109
		Rack-local map tasks=956
		Total time spent by all maps in occupied slots (ms)=15496054770
		Total time spent by all reduces in occupied slots (ms)=3147247
		Total time spent by all map tasks (ms)=1549605477
		Total time spent by all reduce tasks (ms)=3147247
		Total vcore-milliseconds taken by all map tasks=1549605477
		Total vcore-milliseconds taken by all reduce tasks=3147247
		Total megabyte-milliseconds taken by all map tasks=15867960084480
		Total megabyte-milliseconds taken by all reduce tasks=3222780928
	Map-Reduce Framework
		Map input records=1000
		Map output records=1000
		Map output bytes=157020
		Map output materialized bytes=166026
		Input split bytes=134134
		Combine input records=0
		Combine output records=0
		Reduce input groups=1000
		Reduce shuffle bytes=166026
		Reduce input records=1000
		Reduce output records=1000
		Spilled Records=2000
		Shuffled Maps =1001
		Failed Shuffles=0
		Merged Map outputs=1001
		GC time elapsed (ms)=111365
		CPU time spent (ms)=2788440
		Physical memory (bytes) snapshot=346710310912
		Virtual memory (bytes) snapshot=2450579886080
		Total committed heap usage (bytes)=198140493824
	Shuffle Errors
		BAD_ID=0
		CONNECTION=0
		IO_ERROR=0
		WRONG_LENGTH=0
		WRONG_MAP=0
		WRONG_REDUCE=0
	File Input Format Counters 
		Bytes Read=74974056
	File Output Format Counters 
		Bytes Written=156020
24/11/04 17:19:33 INFO streaming.StreamJob: Output directory: /user/vetlinux04/pslim/pslim.aQfn9/out
INFO:	All done at Mon Nov  4 17:24:20 CET 2024.
