During startup - Warning message:
Setting LC_CTYPE failed, using "C" 
Loading required package: data.table
Loading required package: foreach
Loading required package: stringi
Loading required package: matrixStats
Loading required package: Rcpp
Welcome! Want to learn more? See two factoextra-related books at https://goo.gl/ve3WBa

Attaching package: 'reshape2'

The following objects are masked from 'package:data.table':

    dcast, melt

[1] "PCA analysis for merge_file"
Reading sync file ...
Extracting biallelic counts ...
During startup - Warning message:
Setting LC_CTYPE failed, using "C" 
Creating result object ...
[1] "Iteration:    1, Objective: 1.75269e+08, Relative improvement Inf"
[1] "Iteration:   11, Objective: 8.18827e+07, Relative improvement 1.43848e-02"
[1] "Iteration:   21, Objective: 7.62700e+07, Relative improvement 4.59813e-03"
[1] "Iteration:   31, Objective: 7.35561e+07, Relative improvement 3.08976e-03"
[1] "Iteration:   41, Objective: 7.15965e+07, Relative improvement 2.45185e-03"
[1] "Iteration:   51, Objective: 7.00182e+07, Relative improvement 2.07446e-03"
[1] "Iteration:   61, Objective: 6.86852e+07, Relative improvement 1.81059e-03"
[1] "Iteration:   71, Objective: 6.75299e+07, Relative improvement 1.61261e-03"
[1] "Iteration:   81, Objective: 6.65100e+07, Relative improvement 1.45614e-03"
[1] "Iteration:   91, Objective: 6.55977e+07, Relative improvement 1.32649e-03"
[1] "Iteration:  101, Objective: 6.47734e+07, Relative improvement 1.21678e-03"
[1] "Iteration:  111, Objective: 6.40240e+07, Relative improvement 1.12303e-03"
[1] "Iteration:  121, Objective: 6.33378e+07, Relative improvement 1.04372e-03"
[1] "Iteration:  131, Objective: 6.27043e+07, Relative improvement 9.75853e-04"
[1] "Iteration:  141, Objective: 6.21175e+07, Relative improvement 9.10304e-04"
[1] "Iteration:  151, Objective: 6.15743e+07, Relative improvement 8.54634e-04"
[1] "Iteration:  161, Objective: 6.10671e+07, Relative improvement 8.05474e-04"
[1] "Iteration:  171, Objective: 6.05916e+07, Relative improvement 7.63600e-04"
[1] "Iteration:  181, Objective: 6.01436e+07, Relative improvement 7.25492e-04"
[1] "Iteration:  191, Objective: 5.97214e+07, Relative improvement 6.89386e-04"
[1] "Iteration:  201, Objective: 5.93210e+07, Relative improvement 6.59973e-04"
[1] "Iteration:  211, Objective: 5.89393e+07, Relative improvement 6.34283e-04"
[1] "Iteration:  221, Objective: 5.85748e+07, Relative improvement 6.10347e-04"
[1] "Iteration:  231, Objective: 5.82260e+07, Relative improvement 5.88609e-04"
[1] "Iteration:  241, Objective: 5.78910e+07, Relative improvement 5.68015e-04"
[1] "Iteration:  251, Objective: 5.75687e+07, Relative improvement 5.51057e-04"
[1] "Iteration:  261, Objective: 5.72590e+07, Relative improvement 5.32568e-04"
[1] "Iteration:  271, Objective: 5.69594e+07, Relative improvement 5.18393e-04"
[1] "Iteration:  281, Objective: 5.66720e+07, Relative improvement 4.97152e-04"
[1] "Iteration:  291, Objective: 5.63950e+07, Relative improvement 4.84572e-04"
[1] "Iteration:  301, Objective: 5.61262e+07, Relative improvement 4.71403e-04"
[1] "Iteration:  311, Objective: 5.58667e+07, Relative improvement 4.56515e-04"
[1] "Iteration:  321, Objective: 5.56158e+07, Relative improvement 4.45579e-04"
[1] "Iteration:  331, Objective: 5.53715e+07, Relative improvement 4.35884e-04"
[1] "Iteration:  341, Objective: 5.51336e+07, Relative improvement 4.26869e-04"
[1] "Iteration:  351, Objective: 5.49011e+07, Relative improvement 4.19100e-04"
[1] "Iteration:  361, Objective: 5.46737e+07, Relative improvement 4.12026e-04"
[1] "Iteration:  371, Objective: 5.44535e+07, Relative improvement 3.99957e-04"
[1] "Iteration:  381, Objective: 5.42384e+07, Relative improvement 3.92768e-04"
[1] "Iteration:  391, Objective: 5.40277e+07, Relative improvement 3.86836e-04"
[1] "Iteration:  401, Objective: 5.38220e+07, Relative improvement 3.77299e-04"
[1] "Iteration:  411, Objective: 5.36215e+07, Relative improvement 3.68026e-04"
[1] "Iteration:  421, Objective: 5.34263e+07, Relative improvement 3.62233e-04"
[1] "Iteration:  431, Objective: 5.32347e+07, Relative improvement 3.56764e-04"
[1] "Iteration:  441, Objective: 5.30473e+07, Relative improvement 3.46883e-04"
[1] "Iteration:  451, Objective: 5.28653e+07, Relative improvement 3.40884e-04"
[1] "Iteration:  461, Objective: 5.26872e+07, Relative improvement 3.35031e-04"
[1] "Iteration:  471, Objective: 5.25130e+07, Relative improvement 3.27696e-04"
[1] "Iteration:  481, Objective: 5.23430e+07, Relative improvement 3.21496e-04"
[1] "Iteration:  491, Objective: 5.21767e+07, Relative improvement 3.15472e-04"
[1] "Iteration:  501, Objective: 5.20142e+07, Relative improvement 3.09407e-04"
[1] "Iteration:  511, Objective: 5.18553e+07, Relative improvement 3.03632e-04"
[1] "Iteration:  521, Objective: 5.16997e+07, Relative improvement 2.98032e-04"
[1] "Iteration:  531, Objective: 5.15479e+07, Relative improvement 2.91163e-04"
[1] "Iteration:  541, Objective: 5.13999e+07, Relative improvement 2.84782e-04"
[1] "Iteration:  551, Objective: 5.12553e+07, Relative improvement 2.79328e-04"
[1] "Iteration:  561, Objective: 5.11152e+07, Relative improvement 2.71040e-04"
[1] "Iteration:  571, Objective: 5.09784e+07, Relative improvement 2.65595e-04"
[1] "Iteration:  581, Objective: 5.08447e+07, Relative improvement 2.60190e-04"
[1] "Iteration:  591, Objective: 5.07142e+07, Relative improvement 2.54597e-04"
[1] "Iteration:  601, Objective: 5.05867e+07, Relative improvement 2.49291e-04"
[1] "Iteration:  611, Objective: 5.04623e+07, Relative improvement 2.43849e-04"
[1] "Iteration:  621, Objective: 5.03410e+07, Relative improvement 2.38278e-04"
[1] "Iteration:  631, Objective: 5.02227e+07, Relative improvement 2.32864e-04"
[1] "Iteration:  641, Objective: 5.01074e+07, Relative improvement 2.27206e-04"
[1] "Iteration:  651, Objective: 4.99953e+07, Relative improvement 2.21663e-04"
[1] "Iteration:  661, Objective: 4.98860e+07, Relative improvement 2.16661e-04"
[1] "Iteration:  671, Objective: 4.97793e+07, Relative improvement 2.11499e-04"
[1] "Iteration:  681, Objective: 4.96766e+07, Relative improvement 2.04067e-04"
[1] "Iteration:  691, Objective: 4.95765e+07, Relative improvement 1.99604e-04"
[1] "Iteration:  701, Objective: 4.94791e+07, Relative improvement 1.94662e-04"
[1] "Iteration:  711, Objective: 4.93841e+07, Relative improvement 1.89786e-04"
[1] "Iteration:  721, Objective: 4.92915e+07, Relative improvement 1.85777e-04"
[1] "Iteration:  731, Objective: 4.92012e+07, Relative improvement 1.81363e-04"
[1] "Iteration:  741, Objective: 4.91130e+07, Relative improvement 1.77649e-04"
[1] "Iteration:  751, Objective: 4.90269e+07, Relative improvement 1.74112e-04"
[1] "Iteration:  761, Objective: 4.89425e+07, Relative improvement 1.70797e-04"
[1] "Iteration:  771, Objective: 4.88600e+07, Relative improvement 1.67135e-04"
[1] "Iteration:  781, Objective: 4.87793e+07, Relative improvement 1.63977e-04"
[1] "Iteration:  791, Objective: 4.87002e+07, Relative improvement 1.60920e-04"
[1] "Iteration:  801, Objective: 4.86229e+07, Relative improvement 1.57351e-04"
[1] "Iteration:  811, Objective: 4.85473e+07, Relative improvement 1.54472e-04"
[1] "Iteration:  821, Objective: 4.84734e+07, Relative improvement 1.50995e-04"
[1] "Iteration:  831, Objective: 4.84010e+07, Relative improvement 1.48385e-04"
[1] "Iteration:  841, Objective: 4.83308e+07, Relative improvement 1.43045e-04"
[1] "Iteration:  851, Objective: 4.82624e+07, Relative improvement 1.40426e-04"
[1] "Iteration:  861, Objective: 4.81954e+07, Relative improvement 1.37785e-04"
[1] "Iteration:  871, Objective: 4.81297e+07, Relative improvement 1.35340e-04"
[1] "Iteration:  881, Objective: 4.80652e+07, Relative improvement 1.33003e-04"
[1] "Iteration:  891, Objective: 4.80019e+07, Relative improvement 1.30619e-04"
[1] "Iteration:  901, Objective: 4.79399e+07, Relative improvement 1.28479e-04"
[1] "Iteration:  911, Objective: 4.78789e+07, Relative improvement 1.26353e-04"
[1] "Iteration:  921, Objective: 4.78191e+07, Relative improvement 1.23982e-04"
[1] "Iteration:  931, Objective: 4.77604e+07, Relative improvement 1.22116e-04"
[1] "Iteration:  941, Objective: 4.77028e+07, Relative improvement 1.19352e-04"
[1] "Iteration:  951, Objective: 4.76464e+07, Relative improvement 1.17508e-04"
[1] "Iteration:  961, Objective: 4.75909e+07, Relative improvement 1.15760e-04"
[1] "Iteration:  971, Objective: 4.75364e+07, Relative improvement 1.13149e-04"
[1] "Iteration:  981, Objective: 4.74837e+07, Relative improvement 1.09998e-04"
[1] "Iteration:  991, Objective: 4.74320e+07, Relative improvement 1.08239e-04"
null device 
          1 
