realpath: '': No such file or directory
INFO:	Writing output to /home/vetlinux04/Changyi/fluctuating_constant_florida/23simulation_pleiotropy/simulation13_final_simulation/01_AF_0.1/model2/out ...
INFO:	../pslim.sh -r -X ../slim.tar.gz -i 03_selection.slim -n 1000 -p 0parameters -f 0files/02pleiotropic_effects,0files/01vcffile -o out -M 10240 -T ./tempf
INFO:	pslim.sh v0.0.9010
INFO:	Starting at Mon Nov  4 14:08:47 CET 2024 ...
INFO:	Using slim binary provided in file:///home/vetlinux04/Changyi/fluctuating_constant_florida/23simulation_pleiotropy/simulation13_final_simulation/01_AF_0.1/slim.tar.gz ...
INFO:	Working in /tmp/pslim.eeyfr ...
INFO:	Finding empty queue ...
INFO:	Using queue pg4 ...
packageJobJar: [/tmp/hadoop-unjar6357077234208651916/] [] /tmp/streamjob1499626576951684358.jar tmpDir=null
24/11/04 14:10:14 INFO client.RMProxy: Connecting to ResourceManager at i122srv57.vu-wien.ac.at/10.120.3.187:8032
24/11/04 14:10:14 INFO client.AHSProxy: Connecting to Application History server at i122srv57.vu-wien.ac.at/10.120.3.187:10200
24/11/04 14:10:14 INFO client.RMProxy: Connecting to ResourceManager at i122srv57.vu-wien.ac.at/10.120.3.187:8032
24/11/04 14:10:14 INFO client.AHSProxy: Connecting to Application History server at i122srv57.vu-wien.ac.at/10.120.3.187:10200
24/11/04 14:10:17 INFO fourmc.FourMcNativeCodeLoader: hadoop-4mc: loaded native library (embedded)
24/11/04 14:10:17 INFO fourmc.Lz4Codec: Successfully loaded & initialized native-4mc library
24/11/04 14:10:17 INFO fourmc.ZstdCodec: Successfully loaded & initialized native-4mc library
24/11/04 14:10:17 INFO fourmc.Lz4HighCodec: Successfully loaded & initialized native-4mc library
24/11/04 14:10:17 INFO fourmc.Lz4MediumCodec: Successfully loaded & initialized native-4mc library
24/11/04 14:10:17 INFO fourmc.Lz4UltraCodec: Successfully loaded & initialized native-4mc library
24/11/04 14:10:17 INFO mapred.FileInputFormat: Total input files to process : 1
24/11/04 14:10:17 INFO mapreduce.JobSubmitter: number of splits:1001
24/11/04 14:10:18 INFO mapreduce.JobSubmitter: Submitting tokens for job: job_1726051453326_0059
24/11/04 14:10:18 INFO conf.Configuration: resource-types.xml not found
24/11/04 14:10:18 INFO resource.ResourceUtils: Unable to find 'resource-types.xml'.
24/11/04 14:10:18 INFO resource.ResourceUtils: Adding resource type - name = memory-mb, units = Mi, type = COUNTABLE
24/11/04 14:10:18 INFO resource.ResourceUtils: Adding resource type - name = vcores, units = , type = COUNTABLE
24/11/04 14:10:19 INFO impl.YarnClientImpl: Submitted application application_1726051453326_0059
24/11/04 14:10:19 INFO mapreduce.Job: The url to track the job: http://i122srv57.vu-wien.ac.at:8088/proxy/application_1726051453326_0059/
24/11/04 14:10:19 INFO mapreduce.Job: Running job: job_1726051453326_0059
24/11/04 14:10:25 INFO mapreduce.Job: Job job_1726051453326_0059 running in uber mode : false
24/11/04 14:10:25 INFO mapreduce.Job:  map 0% reduce 0%
24/11/04 14:26:34 INFO mapreduce.Job:  map 1% reduce 0%
24/11/04 14:26:41 INFO mapreduce.Job:  map 2% reduce 0%
24/11/04 14:26:47 INFO mapreduce.Job:  map 3% reduce 0%
24/11/04 14:26:50 INFO mapreduce.Job:  map 4% reduce 0%
24/11/04 14:26:54 INFO mapreduce.Job:  map 5% reduce 0%
24/11/04 14:26:59 INFO mapreduce.Job:  map 6% reduce 0%
24/11/04 14:27:05 INFO mapreduce.Job:  map 7% reduce 0%
24/11/04 14:27:11 INFO mapreduce.Job:  map 8% reduce 0%
24/11/04 14:27:16 INFO mapreduce.Job:  map 9% reduce 0%
24/11/04 14:27:29 INFO mapreduce.Job:  map 10% reduce 0%
24/11/04 14:28:49 INFO mapreduce.Job:  map 11% reduce 0%
24/11/04 14:29:11 INFO mapreduce.Job:  map 12% reduce 0%
24/11/04 14:29:21 INFO mapreduce.Job:  map 13% reduce 0%
24/11/04 14:29:30 INFO mapreduce.Job:  map 14% reduce 0%
24/11/04 14:29:37 INFO mapreduce.Job:  map 15% reduce 0%
24/11/04 14:29:40 INFO mapreduce.Job:  map 16% reduce 0%
24/11/04 14:29:43 INFO mapreduce.Job:  map 17% reduce 0%
24/11/04 14:29:54 INFO mapreduce.Job:  map 18% reduce 0%
24/11/04 14:29:59 INFO mapreduce.Job:  map 19% reduce 0%
24/11/04 14:30:05 INFO mapreduce.Job:  map 20% reduce 0%
24/11/04 14:30:12 INFO mapreduce.Job:  map 21% reduce 0%
24/11/04 14:30:19 INFO mapreduce.Job:  map 22% reduce 0%
24/11/04 14:30:38 INFO mapreduce.Job:  map 23% reduce 0%
24/11/04 14:31:30 INFO mapreduce.Job:  map 24% reduce 0%
24/11/04 14:34:06 INFO mapreduce.Job:  map 25% reduce 0%
24/11/04 14:34:36 INFO mapreduce.Job:  map 26% reduce 0%
24/11/04 14:34:47 INFO mapreduce.Job:  map 27% reduce 0%
24/11/04 14:34:57 INFO mapreduce.Job:  map 28% reduce 0%
24/11/04 14:35:06 INFO mapreduce.Job:  map 29% reduce 0%
24/11/04 14:35:14 INFO mapreduce.Job:  map 30% reduce 0%
24/11/04 14:35:21 INFO mapreduce.Job:  map 31% reduce 0%
24/11/04 14:35:28 INFO mapreduce.Job:  map 32% reduce 0%
24/11/04 14:35:36 INFO mapreduce.Job:  map 33% reduce 0%
24/11/04 14:35:45 INFO mapreduce.Job:  map 34% reduce 0%
24/11/04 14:35:50 INFO mapreduce.Job:  map 35% reduce 0%
24/11/04 14:35:54 INFO mapreduce.Job:  map 36% reduce 0%
24/11/04 14:36:00 INFO mapreduce.Job:  map 37% reduce 0%
24/11/04 14:36:03 INFO mapreduce.Job:  map 38% reduce 0%
24/11/04 14:36:07 INFO mapreduce.Job:  map 39% reduce 0%
24/11/04 14:36:12 INFO mapreduce.Job:  map 40% reduce 0%
24/11/04 14:36:18 INFO mapreduce.Job:  map 41% reduce 0%
24/11/04 14:36:26 INFO mapreduce.Job:  map 42% reduce 0%
24/11/04 14:36:35 INFO mapreduce.Job:  map 43% reduce 0%
24/11/04 14:36:43 INFO mapreduce.Job:  map 44% reduce 0%
24/11/04 14:36:57 INFO mapreduce.Job:  map 45% reduce 0%
24/11/04 14:37:06 INFO mapreduce.Job:  map 46% reduce 0%
24/11/04 14:37:33 INFO mapreduce.Job:  map 47% reduce 0%
24/11/04 14:39:04 INFO mapreduce.Job:  map 48% reduce 0%
24/11/04 14:39:25 INFO mapreduce.Job:  map 49% reduce 0%
24/11/04 14:39:33 INFO mapreduce.Job:  map 50% reduce 0%
24/11/04 14:39:39 INFO mapreduce.Job:  map 51% reduce 0%
24/11/04 14:39:44 INFO mapreduce.Job:  map 52% reduce 0%
24/11/04 14:39:51 INFO mapreduce.Job:  map 53% reduce 0%
24/11/04 14:39:57 INFO mapreduce.Job:  map 54% reduce 0%
24/11/04 14:40:03 INFO mapreduce.Job:  map 55% reduce 0%
24/11/04 14:40:09 INFO mapreduce.Job:  map 56% reduce 0%
24/11/04 14:40:17 INFO mapreduce.Job:  map 57% reduce 0%
24/11/04 14:40:29 INFO mapreduce.Job:  map 58% reduce 0%
24/11/04 14:40:41 INFO mapreduce.Job:  map 59% reduce 0%
24/11/04 14:42:46 INFO mapreduce.Job:  map 60% reduce 0%
24/11/04 14:42:57 INFO mapreduce.Job:  map 61% reduce 0%
24/11/04 14:43:01 INFO mapreduce.Job:  map 62% reduce 0%
24/11/04 14:43:08 INFO mapreduce.Job:  map 63% reduce 0%
24/11/04 14:43:14 INFO mapreduce.Job:  map 64% reduce 0%
24/11/04 14:43:23 INFO mapreduce.Job:  map 65% reduce 0%
24/11/04 14:43:29 INFO mapreduce.Job:  map 66% reduce 0%
24/11/04 14:43:52 INFO mapreduce.Job:  map 67% reduce 0%
24/11/04 14:44:10 INFO mapreduce.Job:  map 68% reduce 0%
24/11/04 14:44:21 INFO mapreduce.Job:  map 69% reduce 0%
24/11/04 14:44:32 INFO mapreduce.Job:  map 70% reduce 0%
24/11/04 14:44:43 INFO mapreduce.Job:  map 71% reduce 0%
24/11/04 14:45:21 INFO mapreduce.Job:  map 72% reduce 0%
24/11/04 14:46:06 INFO mapreduce.Job:  map 73% reduce 0%
24/11/04 14:46:38 INFO mapreduce.Job:  map 74% reduce 0%
24/11/04 14:46:51 INFO mapreduce.Job:  map 75% reduce 0%
24/11/04 14:46:59 INFO mapreduce.Job:  map 76% reduce 0%
24/11/04 14:47:12 INFO mapreduce.Job:  map 77% reduce 0%
24/11/04 14:47:19 INFO mapreduce.Job:  map 78% reduce 0%
24/11/04 14:47:26 INFO mapreduce.Job:  map 79% reduce 0%
24/11/04 14:47:29 INFO mapreduce.Job:  map 80% reduce 0%
24/11/04 14:47:38 INFO mapreduce.Job:  map 81% reduce 0%
24/11/04 14:47:43 INFO mapreduce.Job:  map 82% reduce 0%
24/11/04 14:47:52 INFO mapreduce.Job:  map 83% reduce 0%
24/11/04 14:47:56 INFO mapreduce.Job:  map 84% reduce 0%
24/11/04 14:48:01 INFO mapreduce.Job:  map 85% reduce 0%
24/11/04 14:48:05 INFO mapreduce.Job:  map 86% reduce 0%
24/11/04 14:48:10 INFO mapreduce.Job:  map 87% reduce 0%
24/11/04 14:48:14 INFO mapreduce.Job:  map 88% reduce 0%
24/11/04 14:48:18 INFO mapreduce.Job:  map 89% reduce 0%
24/11/04 14:48:20 INFO mapreduce.Job:  map 90% reduce 0%
24/11/04 14:48:23 INFO mapreduce.Job:  map 91% reduce 0%
24/11/04 14:48:29 INFO mapreduce.Job:  map 92% reduce 0%
24/11/04 14:48:35 INFO mapreduce.Job:  map 93% reduce 0%
24/11/04 14:48:39 INFO mapreduce.Job:  map 94% reduce 0%
24/11/04 14:48:46 INFO mapreduce.Job:  map 95% reduce 0%
24/11/04 14:49:05 INFO mapreduce.Job:  map 96% reduce 0%
24/11/04 14:49:23 INFO mapreduce.Job:  map 97% reduce 0%
24/11/04 14:50:50 INFO mapreduce.Job:  map 98% reduce 0%
24/11/04 14:59:27 INFO mapreduce.Job:  map 99% reduce 0%
24/11/04 15:03:57 INFO mapreduce.Job:  map 100% reduce 0%
24/11/04 15:20:12 INFO mapreduce.Job:  map 100% reduce 100%
24/11/04 15:20:12 INFO mapreduce.Job: Job job_1726051453326_0059 completed successfully
24/11/04 15:20:12 INFO mapreduce.Job: Counters: 51
	File System Counters
		FILE: Number of bytes read=161026
		FILE: Number of bytes written=219529114
		FILE: Number of read operations=0
		FILE: Number of large read operations=0
		FILE: Number of write operations=0
		HDFS: Number of bytes read=75471898
		HDFS: Number of bytes written=157020
		HDFS: Number of read operations=3006
		HDFS: Number of large read operations=0
		HDFS: Number of write operations=2
	Job Counters 
		Killed map tasks=75
		Launched map tasks=1072
		Launched reduce tasks=1
		Data-local map tasks=44
		Rack-local map tasks=1028
		Total time spent by all maps in occupied slots (ms)=15457698840
		Total time spent by all reduces in occupied slots (ms)=3191063
		Total time spent by all map tasks (ms)=1545769884
		Total time spent by all reduce tasks (ms)=3191063
		Total vcore-milliseconds taken by all map tasks=1545769884
		Total vcore-milliseconds taken by all reduce tasks=3191063
		Total megabyte-milliseconds taken by all map tasks=15828683612160
		Total megabyte-milliseconds taken by all reduce tasks=3267648512
	Map-Reduce Framework
		Map input records=1000
		Map output records=1000
		Map output bytes=158020
		Map output materialized bytes=167026
		Input split bytes=134134
		Combine input records=0
		Combine output records=0
		Reduce input groups=1000
		Reduce shuffle bytes=167026
		Reduce input records=1000
		Reduce output records=1000
		Spilled Records=2000
		Shuffled Maps =1001
		Failed Shuffles=0
		Merged Map outputs=1001
		GC time elapsed (ms)=136574
		CPU time spent (ms)=3048410
		Physical memory (bytes) snapshot=344053911552
		Virtual memory (bytes) snapshot=2450067120128
		Total committed heap usage (bytes)=198145212416
	Shuffle Errors
		BAD_ID=0
		CONNECTION=0
		IO_ERROR=0
		WRONG_LENGTH=0
		WRONG_MAP=0
		WRONG_REDUCE=0
	File Input Format Counters 
		Bytes Read=75337764
	File Output Format Counters 
		Bytes Written=157020
24/11/04 15:20:12 INFO streaming.StreamJob: Output directory: /user/vetlinux04/pslim/pslim.eeyfr/out
INFO:	All done at Mon Nov  4 15:25:10 CET 2024.
