realpath: '': No such file or directory
INFO:	Writing output to /home/vetlinux04/Changyi/fluctuating_constant_florida/23simulation_pleiotropy/simulation13_final_simulation/01_AF_0.1/model1/out ...
INFO:	../pslim.sh -r -X ../slim.tar.gz -i 03_selection.slim -n 1000 -p 0parameters -f 0files/02pleiotropic_effects,0files/01vcffile -o out -M 10240 -T ./tempf
INFO:	pslim.sh v0.0.9010
INFO:	Starting at Mon Nov  4 12:08:42 CET 2024 ...
INFO:	Using slim binary provided in file:///home/vetlinux04/Changyi/fluctuating_constant_florida/23simulation_pleiotropy/simulation13_final_simulation/01_AF_0.1/slim.tar.gz ...
INFO:	Working in /tmp/pslim.zPQ8W ...
INFO:	Finding empty queue ...
INFO:	Using queue pg4 ...
packageJobJar: [/tmp/hadoop-unjar6625903264308988475/] [] /tmp/streamjob600604751305604143.jar tmpDir=null
24/11/04 12:09:07 INFO client.RMProxy: Connecting to ResourceManager at i122srv57.vu-wien.ac.at/10.120.3.187:8032
24/11/04 12:09:07 INFO client.AHSProxy: Connecting to Application History server at i122srv57.vu-wien.ac.at/10.120.3.187:10200
24/11/04 12:09:07 INFO client.RMProxy: Connecting to ResourceManager at i122srv57.vu-wien.ac.at/10.120.3.187:8032
24/11/04 12:09:07 INFO client.AHSProxy: Connecting to Application History server at i122srv57.vu-wien.ac.at/10.120.3.187:10200
24/11/04 12:09:08 INFO fourmc.FourMcNativeCodeLoader: hadoop-4mc: loaded native library (embedded)
24/11/04 12:09:08 INFO fourmc.Lz4Codec: Successfully loaded & initialized native-4mc library
24/11/04 12:09:08 INFO fourmc.ZstdCodec: Successfully loaded & initialized native-4mc library
24/11/04 12:09:08 INFO fourmc.Lz4HighCodec: Successfully loaded & initialized native-4mc library
24/11/04 12:09:09 INFO fourmc.Lz4MediumCodec: Successfully loaded & initialized native-4mc library
24/11/04 12:09:09 INFO fourmc.Lz4UltraCodec: Successfully loaded & initialized native-4mc library
24/11/04 12:09:09 INFO mapred.FileInputFormat: Total input files to process : 1
24/11/04 12:09:09 INFO mapreduce.JobSubmitter: number of splits:1001
24/11/04 12:09:09 INFO mapreduce.JobSubmitter: Submitting tokens for job: job_1726051453326_0058
24/11/04 12:09:09 INFO conf.Configuration: resource-types.xml not found
24/11/04 12:09:09 INFO resource.ResourceUtils: Unable to find 'resource-types.xml'.
24/11/04 12:09:09 INFO resource.ResourceUtils: Adding resource type - name = memory-mb, units = Mi, type = COUNTABLE
24/11/04 12:09:09 INFO resource.ResourceUtils: Adding resource type - name = vcores, units = , type = COUNTABLE
24/11/04 12:09:09 INFO impl.YarnClientImpl: Submitted application application_1726051453326_0058
24/11/04 12:09:09 INFO mapreduce.Job: The url to track the job: http://i122srv57.vu-wien.ac.at:8088/proxy/application_1726051453326_0058/
24/11/04 12:09:09 INFO mapreduce.Job: Running job: job_1726051453326_0058
24/11/04 12:09:17 INFO mapreduce.Job: Job job_1726051453326_0058 running in uber mode : false
24/11/04 12:09:17 INFO mapreduce.Job:  map 0% reduce 0%
24/11/04 12:23:03 INFO mapreduce.Job:  map 1% reduce 0%
24/11/04 12:24:31 INFO mapreduce.Job:  map 2% reduce 0%
24/11/04 12:24:44 INFO mapreduce.Job:  map 3% reduce 0%
24/11/04 12:25:01 INFO mapreduce.Job:  map 4% reduce 0%
24/11/04 12:25:08 INFO mapreduce.Job:  map 5% reduce 0%
24/11/04 12:25:15 INFO mapreduce.Job:  map 6% reduce 0%
24/11/04 12:25:22 INFO mapreduce.Job:  map 7% reduce 0%
24/11/04 12:25:35 INFO mapreduce.Job:  map 8% reduce 0%
24/11/04 12:25:42 INFO mapreduce.Job:  map 9% reduce 0%
24/11/04 12:25:47 INFO mapreduce.Job:  map 10% reduce 0%
24/11/04 12:25:57 INFO mapreduce.Job:  map 11% reduce 0%
24/11/04 12:26:23 INFO mapreduce.Job:  map 12% reduce 0%
24/11/04 12:26:55 INFO mapreduce.Job:  map 13% reduce 0%
24/11/04 12:27:19 INFO mapreduce.Job:  map 14% reduce 0%
24/11/04 12:27:30 INFO mapreduce.Job:  map 15% reduce 0%
24/11/04 12:27:39 INFO mapreduce.Job:  map 16% reduce 0%
24/11/04 12:27:47 INFO mapreduce.Job:  map 17% reduce 0%
24/11/04 12:28:00 INFO mapreduce.Job:  map 18% reduce 0%
24/11/04 12:28:07 INFO mapreduce.Job:  map 19% reduce 0%
24/11/04 12:28:15 INFO mapreduce.Job:  map 20% reduce 0%
24/11/04 12:28:30 INFO mapreduce.Job:  map 21% reduce 0%
24/11/04 12:28:43 INFO mapreduce.Job:  map 22% reduce 0%
24/11/04 12:28:57 INFO mapreduce.Job:  map 23% reduce 0%
24/11/04 12:29:43 INFO mapreduce.Job:  map 24% reduce 0%
24/11/04 12:32:41 INFO mapreduce.Job:  map 25% reduce 0%
24/11/04 12:33:05 INFO mapreduce.Job:  map 26% reduce 0%
24/11/04 12:33:27 INFO mapreduce.Job:  map 27% reduce 0%
24/11/04 12:33:28 INFO mapreduce.Job:  map 28% reduce 0%
24/11/04 12:33:42 INFO mapreduce.Job:  map 29% reduce 0%
24/11/04 12:33:51 INFO mapreduce.Job:  map 30% reduce 0%
24/11/04 12:34:01 INFO mapreduce.Job:  map 31% reduce 0%
24/11/04 12:34:07 INFO mapreduce.Job:  map 32% reduce 0%
24/11/04 12:34:11 INFO mapreduce.Job:  map 33% reduce 0%
24/11/04 12:34:20 INFO mapreduce.Job:  map 34% reduce 0%
24/11/04 12:34:25 INFO mapreduce.Job:  map 35% reduce 0%
24/11/04 12:34:31 INFO mapreduce.Job:  map 36% reduce 0%
24/11/04 12:34:37 INFO mapreduce.Job:  map 37% reduce 0%
24/11/04 12:34:47 INFO mapreduce.Job:  map 38% reduce 0%
24/11/04 12:34:51 INFO mapreduce.Job:  map 39% reduce 0%
24/11/04 12:34:59 INFO mapreduce.Job:  map 40% reduce 0%
24/11/04 12:35:05 INFO mapreduce.Job:  map 41% reduce 0%
24/11/04 12:35:21 INFO mapreduce.Job:  map 42% reduce 0%
24/11/04 12:35:26 INFO mapreduce.Job:  map 43% reduce 0%
24/11/04 12:35:31 INFO mapreduce.Job:  map 44% reduce 0%
24/11/04 12:35:40 INFO mapreduce.Job:  map 45% reduce 0%
24/11/04 12:35:48 INFO mapreduce.Job:  map 46% reduce 0%
24/11/04 12:36:26 INFO mapreduce.Job:  map 47% reduce 0%
24/11/04 12:37:26 INFO mapreduce.Job:  map 48% reduce 0%
24/11/04 12:37:55 INFO mapreduce.Job:  map 49% reduce 0%
24/11/04 12:38:05 INFO mapreduce.Job:  map 50% reduce 0%
24/11/04 12:38:14 INFO mapreduce.Job:  map 51% reduce 0%
24/11/04 12:38:22 INFO mapreduce.Job:  map 52% reduce 0%
24/11/04 12:38:30 INFO mapreduce.Job:  map 53% reduce 0%
24/11/04 12:38:35 INFO mapreduce.Job:  map 54% reduce 0%
24/11/04 12:38:40 INFO mapreduce.Job:  map 55% reduce 0%
24/11/04 12:38:47 INFO mapreduce.Job:  map 56% reduce 0%
24/11/04 12:38:53 INFO mapreduce.Job:  map 57% reduce 0%
24/11/04 12:38:58 INFO mapreduce.Job:  map 58% reduce 0%
24/11/04 12:39:06 INFO mapreduce.Job:  map 59% reduce 0%
24/11/04 12:39:16 INFO mapreduce.Job:  map 60% reduce 0%
24/11/04 12:39:36 INFO mapreduce.Job:  map 61% reduce 0%
24/11/04 12:39:59 INFO mapreduce.Job:  map 62% reduce 0%
24/11/04 12:40:09 INFO mapreduce.Job:  map 63% reduce 0%
24/11/04 12:40:20 INFO mapreduce.Job:  map 64% reduce 0%
24/11/04 12:40:33 INFO mapreduce.Job:  map 65% reduce 0%
24/11/04 12:40:45 INFO mapreduce.Job:  map 66% reduce 0%
24/11/04 12:40:58 INFO mapreduce.Job:  map 67% reduce 0%
24/11/04 12:41:06 INFO mapreduce.Job:  map 68% reduce 0%
24/11/04 12:41:17 INFO mapreduce.Job:  map 69% reduce 0%
24/11/04 12:41:28 INFO mapreduce.Job:  map 70% reduce 0%
24/11/04 12:41:39 INFO mapreduce.Job:  map 71% reduce 0%
24/11/04 12:41:56 INFO mapreduce.Job:  map 72% reduce 0%
24/11/04 12:42:31 INFO mapreduce.Job:  map 73% reduce 0%
24/11/04 12:42:49 INFO mapreduce.Job:  map 74% reduce 0%
24/11/04 12:43:03 INFO mapreduce.Job:  map 75% reduce 0%
24/11/04 12:43:14 INFO mapreduce.Job:  map 76% reduce 0%
24/11/04 12:43:30 INFO mapreduce.Job:  map 77% reduce 0%
24/11/04 12:43:51 INFO mapreduce.Job:  map 78% reduce 0%
24/11/04 12:44:01 INFO mapreduce.Job:  map 79% reduce 0%
24/11/04 12:44:29 INFO mapreduce.Job:  map 80% reduce 0%
24/11/04 12:45:07 INFO mapreduce.Job:  map 81% reduce 0%
24/11/04 12:45:27 INFO mapreduce.Job:  map 82% reduce 0%
24/11/04 12:45:39 INFO mapreduce.Job:  map 83% reduce 0%
24/11/04 12:45:44 INFO mapreduce.Job:  map 84% reduce 0%
24/11/04 12:45:52 INFO mapreduce.Job:  map 85% reduce 0%
24/11/04 12:45:58 INFO mapreduce.Job:  map 86% reduce 0%
24/11/04 12:46:03 INFO mapreduce.Job:  map 87% reduce 0%
24/11/04 12:46:09 INFO mapreduce.Job:  map 88% reduce 0%
24/11/04 12:46:17 INFO mapreduce.Job:  map 89% reduce 0%
24/11/04 12:46:23 INFO mapreduce.Job:  map 90% reduce 0%
24/11/04 12:46:28 INFO mapreduce.Job:  map 91% reduce 0%
24/11/04 12:46:37 INFO mapreduce.Job:  map 92% reduce 0%
24/11/04 12:46:43 INFO mapreduce.Job:  map 93% reduce 0%
24/11/04 12:46:50 INFO mapreduce.Job:  map 94% reduce 0%
24/11/04 12:46:58 INFO mapreduce.Job:  map 95% reduce 0%
24/11/04 12:47:15 INFO mapreduce.Job:  map 96% reduce 0%
24/11/04 12:47:44 INFO mapreduce.Job:  map 97% reduce 0%
24/11/04 12:48:44 INFO mapreduce.Job:  map 98% reduce 0%
24/11/04 12:58:54 INFO mapreduce.Job:  map 99% reduce 0%
24/11/04 13:03:29 INFO mapreduce.Job:  map 100% reduce 0%
24/11/04 13:11:51 INFO mapreduce.Job:  map 100% reduce 100%
24/11/04 13:11:51 INFO mapreduce.Job: Job job_1726051453326_0058 completed successfully
24/11/04 13:11:51 INFO mapreduce.Job: Counters: 51
	File System Counters
		FILE: Number of bytes read=161026
		FILE: Number of bytes written=219530772
		FILE: Number of read operations=0
		FILE: Number of large read operations=0
		FILE: Number of write operations=0
		HDFS: Number of bytes read=75471898
		HDFS: Number of bytes written=157020
		HDFS: Number of read operations=3006
		HDFS: Number of large read operations=0
		HDFS: Number of write operations=2
	Job Counters 
		Killed map tasks=73
		Launched map tasks=1070
		Launched reduce tasks=1
		Data-local map tasks=28
		Rack-local map tasks=1042
		Total time spent by all maps in occupied slots (ms)=14996766380
		Total time spent by all reduces in occupied slots (ms)=2795033
		Total time spent by all map tasks (ms)=1499676638
		Total time spent by all reduce tasks (ms)=2795033
		Total vcore-milliseconds taken by all map tasks=1499676638
		Total vcore-milliseconds taken by all reduce tasks=2795033
		Total megabyte-milliseconds taken by all map tasks=15356688773120
		Total megabyte-milliseconds taken by all reduce tasks=2862113792
	Map-Reduce Framework
		Map input records=1000
		Map output records=1000
		Map output bytes=158020
		Map output materialized bytes=167026
		Input split bytes=134134
		Combine input records=0
		Combine output records=0
		Reduce input groups=1000
		Reduce shuffle bytes=167026
		Reduce input records=1000
		Reduce output records=1000
		Spilled Records=2000
		Shuffled Maps =1001
		Failed Shuffles=0
		Merged Map outputs=1001
		GC time elapsed (ms)=141190
		CPU time spent (ms)=2943100
		Physical memory (bytes) snapshot=346486542336
		Virtual memory (bytes) snapshot=2449701777408
		Total committed heap usage (bytes)=198131580928
	Shuffle Errors
		BAD_ID=0
		CONNECTION=0
		IO_ERROR=0
		WRONG_LENGTH=0
		WRONG_MAP=0
		WRONG_REDUCE=0
	File Input Format Counters 
		Bytes Read=75337764
	File Output Format Counters 
		Bytes Written=157020
24/11/04 13:11:51 INFO streaming.StreamJob: Output directory: /user/vetlinux04/pslim/pslim.zPQ8W/out
INFO:	All done at Mon Nov  4 13:14:42 CET 2024.
